<?xml version="1.0" encoding="UTF-8"?>
<!-- Generated by org.testng.reporters.JUnitReportReporter -->
<testsuite hostname="Timmy-PC" name="com.lufthansa.flights.Booking" tests="1" failures="0" timestamp="7 Sep 2016 20:08:32 GMT" time="5.664" errors="0">
  <testcase name="roundTripTest" time="5.664" classname="com.lufthansa.flights.Booking"/>
</testsuite> <!-- com.lufthansa.flights.Booking -->
