<?xml version="1.0" encoding="UTF-8"?>
<!-- Generated by org.testng.reporters.JUnitReportReporter -->
<testsuite hostname="Timmy-PC" name="com.lufthansa.flights.Booking" tests="1" failures="0" timestamp="8 Sep 2016 15:43:20 GMT" time="6.290" errors="0">
  <testcase name="roundTripTest" time="6.290" classname="com.lufthansa.flights.Booking"/>
</testsuite> <!-- com.lufthansa.flights.Booking -->
